<?xml version="1.0" encoding="UTF-8"?>
<testsuite xmlns:xsi="http://www.w3.org/2001/XMLSchema-instance" xsi:noNamespaceSchemaLocation="https://maven.apache.org/surefire/maven-surefire-plugin/xsd/surefire-test-report.xsd" version="3.0.2" name="fr.uge.dom.DOMNodeTest$Q1" time="0.623" tests="11" errors="0" skipped="0" failures="0">
  <properties>
[...]
</properties>
  <testcase name="createElementPreconditions" classname="fr.uge.dom.DOMNodeTest$Q1" time="0.029"/>
  <testcase name="createElementWithAttributes" classname="fr.uge.dom.DOMNodeTest$Q1" time="0.006"/>
  <testcase name="createElementWithAttributesPreconditions" classname="fr.uge.dom.DOMNodeTest$Q1" time="0.002"/>
  <testcase name="twoElementsCanNotBeEquals" classname="fr.uge.dom.DOMNodeTest$Q1" time="0.002"/>
  <testcase name="attributesIsAnUnmodifiableMap" classname="fr.uge.dom.DOMNodeTest$Q1" time="0.001"/>
  <testcase name="createElement" classname="fr.uge.dom.DOMNodeTest$Q1" time="0.001"/>
  <testcase name="createElementWithALotOfAttributes" classname="fr.uge.dom.DOMNodeTest$Q1" time="0.549"/>
  <testcase name="createElementWithDifferentAttributes" classname="fr.uge.dom.DOMNodeTest$Q1" time="0.004"/>
  <testcase name="createElementWithAnEmptyAttributes" classname="fr.uge.dom.DOMNodeTest$Q1" time="0.001"/>
  <testcase name="elementAttributesIsNotModifiableAfterCreation" classname="fr.uge.dom.DOMNodeTest$Q1" time="0.0"/>
  <testcase name="createTwoElements" classname="fr.uge.dom.DOMNodeTest$Q1" time="0.001"/>
</testsuite>